<?xml version="1.0" encoding="UTF-8"?>
<!-- Generated by org.testng.reporters.JUnitReportReporter -->
<testsuite skipped="0" hostname="BDC4B-D-DM4HH92" name="NewTest" tests="4" failures="0" timestamp="26 Jul 2018 07:00:26 GMT" time="0.019" errors="0">
  <testcase name="pqr" time="0.013" classname="NewTest"/>
  <testcase name="testabc" time="0.003" classname="NewTest"/>
  <testcase name="xyz" time="0.001" classname="NewTest"/>
  <testcase name="f" time="0.002" classname="NewTest"/>
</testsuite> <!-- NewTest -->
