<?xml version="1.0" encoding="UTF-8"?>
<!-- Generated by org.testng.reporters.JUnitReportReporter -->
<testsuite skipped="0" hostname="BDC4B-D-DM4HH92" name="com.test.NewTest3" tests="1" failures="0" timestamp="26 Jul 2018 11:02:41 GMT" time="77.143" errors="0">
  <testcase name="TestClearTrip" time="77.143" classname="com.test.NewTest3"/>
</testsuite> <!-- com.test.NewTest3 -->
