<?xml version="1.0" encoding="UTF-8"?>
<!-- Generated by org.testng.reporters.JUnitReportReporter -->
<testsuite skipped="0" hostname="BDC4B-D-DM4HH92" name="com.test.UnmarshallDemo" tests="1" failures="0" timestamp="27 Jul 2018 07:07:33 GMT" time="51.732" errors="0">
  <testcase name="testLogin" time="51.732" classname="com.test.UnmarshallDemo"/>
</testsuite> <!-- com.test.UnmarshallDemo -->
