<?xml version="1.0" encoding="UTF-8"?>
<!-- Generated by org.testng.reporters.JUnitReportReporter -->
<testsuite skipped="0" hostname="BDC4B-D-DM4HH92" name="learningSelenium.NewTest7" tests="1" failures="0" timestamp="27 Jul 2018 05:16:58 GMT" time="56.216" errors="0">
  <testcase name="testLogin" time="56.216" classname="learningSelenium.NewTest7"/>
</testsuite> <!-- learningSelenium.NewTest7 -->
