<?xml version="1.0" encoding="UTF-8"?>
<!-- Generated by org.testng.reporters.JUnitReportReporter -->
<testsuite skipped="0" hostname="BDC4B-D-DM4HH92" name="com.test.NewTest4" tests="1" failures="0" timestamp="27 Jul 2018 03:51:13 GMT" time="54.025" errors="0">
  <testcase name="test" time="54.025" classname="com.test.NewTest4"/>
</testsuite> <!-- com.test.NewTest4 -->
