<?xml version="1.0" encoding="UTF-8"?>
<!-- Generated by org.testng.reporters.JUnitReportReporter -->
<testsuite skipped="0" hostname="BDC4B-D-DM4HH92" name="com.test.NewTest6" tests="1" failures="0" timestamp="27 Jul 2018 04:46:00 GMT" time="0.644" errors="0">
  <testcase name="test" time="0.644" classname="com.test.NewTest6"/>
</testsuite> <!-- com.test.NewTest6 -->
